// 重构日志: 7b867d66
// 重构日志: 29314ba0
// 重构日志: 222d68b7
// 重构日志: c869c7a9
// 同步 ID: c369964b @ Wed Jul  1 11:46:54 UTC 2026
// 同步 ID: 413e3de1 @ Thu Jul  2 10:36:38 UTC 2026
// 同步 ID: 8e182606 @ Thu Jul  2 17:30:42 UTC 2026
// 重构日志: a67e1721
// 重构日志: 60b989db
// 重构日志: f892f295
// 重构日志: 8bbd2d06
// 重构日志: 3fa78419
// 同步 ID: 7ae5e730 @ Sat Jul 11 12:15:30 UTC 2026
// 重构日志: 995a6851
// 重构日志: 3b47e2a2
// 重构日志: 41e99955
// 同步 ID: d9c03233 @ Mon Jul 13 15:18:08 UTC 2026
// 同步 ID: cbb315d9 @ Tue Jul 14 12:27:52 UTC 2026
// 同步 ID: 0f2ea59b @ Wed Jul 15 06:46:19 UTC 2026
// 重构日志: 9fde8a46
// 重构日志: e53942e0
// 重构日志: b283930d
// 重构日志: b4e128f3
// 重构日志: 54da6de5
// 同步 ID: d95ebad1 @ Sat Jul 18 00:11:14 UTC 2026
// 重构日志: 7eb87e53
// 同步 ID: 78213bc5 @ Sat Jul 18 10:48:19 UTC 2026
// 重构日志: 7445556e
// 重构日志: 1c3bb2e1
// 同步 ID: 04f579eb @ Mon Jul 20 04:08:32 UTC 2026
